SF:lib\config.dart
DA:8,3
DA:19,2
DA:42,0
DA:56,0
DA:57,0
DA:58,0
DA:59,0
DA:60,0
DA:61,0
DA:62,0
DA:63,0
DA:67,0
DA:68,0
DA:69,0
DA:70,0
DA:71,0
DA:72,0
DA:73,0
DA:74,0
DA:75,0
DA:80,0
DA:81,0
DA:82,0
DA:86,0
DA:87,0
DA:88,0
DA:89,0
DA:94,0
DA:95,0
DA:96,0
DA:100,0
DA:101,0
LF:32
LH:2
end_of_record
SF:lib\models\actividad.dart
DA:27,2
DA:52,2
DA:54,4
DA:56,2
DA:57,2
DA:58,6
DA:59,3
DA:60,4
DA:61,6
DA:62,6
DA:63,3
DA:64,3
DA:65,2
DA:66,2
DA:67,3
DA:68,2
DA:69,3
DA:70,3
DA:71,8
DA:72,3
DA:73,3
DA:74,5
DA:75,2
DA:76,2
DA:78,5
DA:79,3
DA:80,3
DA:84,2
DA:85,2
DA:86,2
DA:87,2
DA:88,2
DA:89,2
DA:90,2
DA:91,2
DA:92,2
DA:93,2
DA:94,2
DA:95,2
DA:96,2
DA:97,2
DA:98,2
DA:99,2
DA:100,2
DA:101,2
DA:102,2
DA:103,2
DA:104,2
DA:105,2
DA:106,2
DA:107,2
LF:51
LH:51
end_of_record
SF:lib\models\profesor.dart
DA:16,1
DA:30,1
DA:31,1
DA:32,1
DA:33,1
DA:34,1
DA:35,1
DA:36,1
DA:37,1
DA:38,1
DA:39,1
DA:40,1
DA:41,1
DA:42,2
DA:46,0
DA:47,0
DA:48,0
DA:49,0
DA:50,0
DA:51,0
DA:52,0
DA:53,0
DA:54,0
DA:55,0
DA:56,0
DA:57,0
DA:58,0
LF:27
LH:14
end_of_record
SF:lib\models\departamento.dart
DA:6,3
DA:12,3
DA:13,3
DA:14,3
DA:15,3
DA:16,3
DA:20,2
DA:21,2
DA:22,2
DA:23,2
DA:24,2
LF:11
LH:11
end_of_record
SF:lib\models\photo.dart
DA:10,1
DA:17,1
DA:20,1
DA:22,1
DA:24,3
DA:25,1
DA:26,2
DA:29,2
DA:32,1
DA:33,1
DA:35,1
DA:36,2
DA:40,1
DA:41,1
DA:42,1
DA:43,1
DA:44,1
DA:45,2
LF:18
LH:18
end_of_record
SF:lib\models\profesor.dart
DA:16,1
DA:30,1
DA:31,1
DA:32,1
DA:33,1
DA:34,1
DA:35,1
DA:36,1
DA:37,1
DA:38,1
DA:39,1
DA:40,1
DA:41,1
DA:42,2
DA:46,1
DA:47,1
DA:48,1
DA:49,1
DA:50,1
DA:51,1
DA:52,1
DA:53,1
DA:54,1
DA:55,1
DA:56,1
DA:57,1
DA:58,2
LF:27
LH:27
end_of_record
SF:lib\services\api_service.dart
DA:13,1
DA:15,1
DA:16,3
DA:25,2
DA:26,6
DA:27,2
DA:30,2
DA:37,8
DA:41,3
DA:45,8
DA:46,1
DA:48,0
DA:49,0
DA:51,4
DA:53,1
DA:55,0
DA:56,0
DA:57,0
DA:63,1
DA:65,3
DA:69,1
DA:72,0
DA:73,0
DA:74,0
DA:75,0
DA:76,0
DA:77,0
DA:78,0
DA:79,0
DA:80,0
DA:81,0
DA:84,0
DA:86,0
DA:88,0
DA:90,0
DA:94,0
DA:97,0
DA:99,0
DA:100,0
DA:102,0
DA:105,0
DA:111,0
DA:113,0
DA:115,0
DA:120,0
DA:122,0
DA:124,0
DA:129,0
DA:131,0
DA:133,0
DA:138,0
DA:140,0
DA:142,0
DA:149,0
DA:151,0
DA:153,0
DA:159,0
DA:160,0
DA:162,0
DA:163,0
DA:168,0
DA:174,0
DA:177,0
DA:181,0
DA:182,0
DA:183,0
DA:184,0
DA:190,0
DA:196,0
DA:198,0
DA:200,0
DA:201,0
DA:205,0
DA:212,1
DA:218,1
DA:219,0
DA:220,0
DA:221,0
DA:223,2
DA:228,0
DA:230,0
DA:233,0
DA:234,0
DA:238,0
DA:240,0
DA:242,0
DA:247,1
DA:249,1
DA:250,0
DA:251,0
DA:253,0
DA:255,0
DA:256,0
DA:257,0
DA:258,0
DA:259,0
DA:261,0
DA:263,0
DA:266,0
DA:268,0
DA:273,0
DA:275,0
DA:277,0
DA:278,0
DA:282,0
DA:288,0
DA:290,0
DA:292,0
DA:295,0
DA:296,0
DA:298,0
DA:300,0
DA:305,0
DA:307,0
DA:308,0
DA:309,0
DA:312,0
DA:313,0
DA:315,0
DA:317,0
DA:322,0
DA:324,0
DA:325,0
DA:327,0
DA:334,0
DA:336,0
DA:338,0
DA:339,0
DA:340,0
DA:342,0
DA:344,0
DA:349,0
DA:351,0
DA:353,0
DA:354,0
DA:355,0
DA:357,0
DA:359,0
DA:364,0
DA:370,0
DA:373,0
DA:376,0
DA:381,0
DA:383,0
DA:388,0
DA:390,0
DA:391,0
DA:393,0
DA:400,0
DA:402,0
DA:404,0
DA:405,0
DA:406,0
DA:408,0
DA:410,0
DA:415,0
DA:417,0
DA:419,0
DA:422,0
DA:423,0
DA:425,0
DA:427,0
DA:432,0
DA:434,0
DA:435,0
DA:436,0
DA:439,0
DA:440,0
DA:442,0
DA:444,0
DA:449,0
DA:451,0
DA:452,0
DA:454,0
LF:174
LH:21
end_of_record
SF:lib\utils\date_formatter.dart
DA:6,1
DA:7,2
DA:11,0
DA:12,0
DA:16,0
DA:17,0
DA:21,1
DA:22,2
DA:26,1
DA:27,2
DA:31,1
DA:32,1
DA:35,1
DA:37,2
DA:43,1
DA:44,1
DA:47,2
DA:49,0
DA:55,1
DA:56,4
DA:57,4
DA:58,2
DA:62,1
DA:63,1
DA:64,3
DA:65,3
DA:66,3
DA:70,1
DA:71,2
DA:72,3
DA:73,3
DA:74,3
DA:78,1
DA:79,1
DA:80,4
DA:81,4
DA:82,2
DA:84,1
DA:85,1
DA:86,2
DA:87,3
DA:88,6
DA:90,1
DA:94,1
DA:95,1
DA:98,1
DA:99,2
DA:101,2
DA:102,2
DA:104,1
DA:105,4
DA:107,0
DA:113,1
DA:114,1
DA:115,2
DA:117,1
DA:118,1
DA:120,1
LF:58
LH:52
end_of_record
SF:lib\utils\validators.dart
DA:5,1
DA:6,2
DA:7,1
DA:13,1
DA:14,1
DA:18,1
DA:22,1
DA:30,1
DA:31,1
DA:35,2
DA:36,1
DA:43,1
DA:44,1
DA:48,1
DA:56,1
DA:57,1
DA:61,1
DA:63,2
DA:71,1
DA:77,1
DA:78,1
DA:81,1
DA:87,2
DA:88,1
DA:95,1
DA:96,1
DA:97,1
DA:100,2
DA:101,1
DA:108,1
DA:109,2
DA:110,1
LF:32
LH:32
end_of_record
